Using pre-set license
Built from '2020.3/release' branch; Version is '2020.3.7f1 (dd97f2c94397) revision 14522354'; Using compiler version '192528614'; Build Type 'Release'
OS: 'Windows 7  (6.1.0) 64bit' Language: 'en' Physical Memory: 3956 MB
BatchMode: 1, IsHumanControllingUs: 0, StartBugReporterOnCrash: 0, Is64bit: 1, IsPro: 0

 COMMAND LINE ARGUMENTS:
C:\Program Files\Unity\2020.3.7f1\Editor\Unity.exe
-adb2
-batchMode
-noUpm
-name
AssetImportWorker0
-projectPath
C:/Users/Administrator/Desktop/Unity project/github repo/Data-Persistent-Project
-logFile
Logs/AssetImportWorker0.log
-srvPort
56401
Successfully changed project path to: C:/Users/Administrator/Desktop/Unity project/github repo/Data-Persistent-Project
C:/Users/Administrator/Desktop/Unity project/github repo/Data-Persistent-Project
Using Asset Import Pipeline V2.
Refreshing native plugins compatible for Editor in 140.26 ms, found 0 plugins.
Preloading 0 native plugins for Editor in 0.00 ms.
Initialize engine version: 2020.3.7f1 (dd97f2c94397)
[Subsystems] Discovering subsystems at path C:/Program Files/Unity/2020.3.7f1/Editor/Data/Resources/UnitySubsystems
[Subsystems] Discovering subsystems at path C:/Users/Administrator/Desktop/Unity project/github repo/Data-Persistent-Project/Assets
GfxDevice: creating device client; threaded=0
d3d11: CreateDXGIFactory2(...) not found, fallbacking to CreateDXGIFactory1(...).
d3d11: QueryInterface(IDXGIFactory5) failed (80004002).
Direct3D:
    Version:  Direct3D 11.0 [level 11.0]
    Renderer: Intel(R) HD Graphics (ID=0x156)
    Vendor:   
    VRAM:     1632 MB
    Driver:   10.18.10.4425
Shader 'Universal Render Pipeline/Particles/Lit': fallback shader 'Universal Render Pipeline/Particles/SimpleLit' not found
Initialize mono
Mono path[0] = 'C:/Program Files/Unity/2020.3.7f1/Editor/Data/Managed'
Mono path[1] = 'C:/Program Files/Unity/2020.3.7f1/Editor/Data/MonoBleedingEdge/lib/mono/unityjit'
Mono config path = 'C:/Program Files/Unity/2020.3.7f1/Editor/Data/MonoBleedingEdge/etc'
Using monoOptions --debugger-agent=transport=dt_socket,embedding=1,server=y,suspend=n,address=127.0.0.1:56808
Begin MonoManager ReloadAssembly
Registering precompiled unity dll's ...
Register platform support module: C:/Program Files/Unity/2020.3.7f1/Editor/Data/PlaybackEngines/WindowsStandaloneSupport/UnityEditor.WindowsStandalone.Extensions.dll
Registered in 0.002696 seconds.
Native extension for WindowsStandalone target not found
Refreshing native plugins compatible for Editor in 123.69 ms, found 0 plugins.
Preloading 0 native plugins for Editor in 0.00 ms.
Mono: successfully reloaded assembly
- Completed reload, in  2.646 seconds
Platform modules already initialized, skipping
Registering precompiled user dll's ...
Registered in 0.002242 seconds.
Begin MonoManager ReloadAssembly
Native extension for WindowsStandalone target not found
Refreshing native plugins compatible for Editor in 202.05 ms, found 0 plugins.
Preloading 0 native plugins for Editor in 0.00 ms.
Mono: successfully reloaded assembly
- Completed reload, in  2.930 seconds
Platform modules already initialized, skipping
========================================================================
Worker process is ready to serve import requests
Shader 'Universal Render Pipeline/Particles/Lit': fallback shader 'Universal Render Pipeline/Particles/SimpleLit' not found
Launched and connected shader compiler UnityShaderCompiler.exe after 0.04 seconds
Refreshing native plugins compatible for Editor in 0.65 ms, found 0 plugins.
Preloading 0 native plugins for Editor in 0.00 ms.
Unloading 2425 Unused Serialized files (Serialized files now loaded: 0)
System memory in use before: 114.7 MB.
System memory in use after: 114.9 MB.

Unloading 10 unused Assets to reduce memory usage. Loaded Objects now: 2867.
Total: 6.055796 ms (FindLiveObjects: 0.567321 ms CreateObjectMapping: 0.326138 ms MarkObjects: 5.016372 ms  DeleteObjects: 0.141403 ms)

========================================================================
Received Import Request.
  path: Assets/Scenes/start.unity
  artifactKey: Guid(6257720b37c2e38458fde77ad74c09d7) Importer(815301076,1909f56bfc062723c751e8b465ee728b)
Start importing Assets/Scenes/start.unity using Guid(6257720b37c2e38458fde77ad74c09d7) Importer(815301076,1909f56bfc062723c751e8b465ee728b)  -> (artifact id: '3a765f29aac005498261745bfd6b9241') in 0.307229 seconds
  Import took 0.316248 seconds .

========================================================================
Received Import Request.
  Time since last request: 57.265771 seconds.
  path: Assets/Scripts/StartUI.cs
  artifactKey: Guid(5897de82b1240ff498651490c4dbd7ef) Importer(815301076,1909f56bfc062723c751e8b465ee728b)
Start importing Assets/Scripts/StartUI.cs using Guid(5897de82b1240ff498651490c4dbd7ef) Importer(815301076,1909f56bfc062723c751e8b465ee728b)  -> (artifact id: '625528d0d8adc30ab807966074cca880') in 0.133672 seconds
  Import took 0.145003 seconds .

========================================================================
Received Import Request.
  Time since last request: 7.188596 seconds.
  path: Assets/Scripts/StartManager.cs
  artifactKey: Guid(853151ab5fc14e44d9e040f20ab68ae5) Importer(815301076,1909f56bfc062723c751e8b465ee728b)
Start importing Assets/Scripts/StartManager.cs using Guid(853151ab5fc14e44d9e040f20ab68ae5) Importer(815301076,1909f56bfc062723c751e8b465ee728b)  -> (artifact id: '56e5a7b55831e86b642466dca9723479') in 0.004087 seconds
  Import took 0.017093 seconds .

========================================================================
Received Import Request.
  Time since last request: 7.145196 seconds.
  path: Assets/Scripts/MainManager.cs
  artifactKey: Guid(d110623a642692246a42fbc2d8d89884) Importer(815301076,1909f56bfc062723c751e8b465ee728b)
Start importing Assets/Scripts/MainManager.cs using Guid(d110623a642692246a42fbc2d8d89884) Importer(815301076,1909f56bfc062723c751e8b465ee728b)  -> (artifact id: '24f837b553d0608cb273af7228d04e75') in 0.007359 seconds
  Import took 0.031470 seconds .

========================================================================
Received Import Request.
  Time since last request: 0.016978 seconds.
  path: Assets/Scripts/MainManager.cs
  artifactKey: Guid(d110623a642692246a42fbc2d8d89884) Importer(815301076,1909f56bfc062723c751e8b465ee728b)
Start importing Assets/Scripts/MainManager.cs using Guid(d110623a642692246a42fbc2d8d89884) Importer(815301076,1909f56bfc062723c751e8b465ee728b)  -> (artifact id: '24f837b553d0608cb273af7228d04e75') in 0.007640 seconds
  Import took 0.023584 seconds .

========================================================================
Received Import Request.
  Time since last request: 0.327739 seconds.
  path: Assets/Scripts/DontDestroyOnLoad.cs
  artifactKey: Guid(087893d860aaf3e4b86b7a0aa0c06e48) Importer(815301076,1909f56bfc062723c751e8b465ee728b)
Start importing Assets/Scripts/DontDestroyOnLoad.cs using Guid(087893d860aaf3e4b86b7a0aa0c06e48) Importer(815301076,1909f56bfc062723c751e8b465ee728b)  -> (artifact id: '46258d6d3e6bf5a88318ab2d4adcf46d') in 0.009025 seconds
  Import took 0.021609 seconds .

========================================================================
Received Prepare
Registering precompiled user dll's ...
Registered in 0.002761 seconds.
Begin MonoManager ReloadAssembly
Native extension for WindowsStandalone target not found
Refreshing native plugins compatible for Editor in 0.69 ms, found 0 plugins.
Preloading 0 native plugins for Editor in 0.00 ms.
Mono: successfully reloaded assembly
- Completed reload, in  2.413 seconds
Platform modules already initialized, skipping
Shader 'Universal Render Pipeline/Particles/Lit': fallback shader 'Universal Render Pipeline/Particles/SimpleLit' not found
Refreshing native plugins compatible for Editor in 0.66 ms, found 0 plugins.
Preloading 0 native plugins for Editor in 0.00 ms.
Unloading 2315 Unused Serialized files (Serialized files now loaded: 0)
System memory in use before: 107.7 MB.
System memory in use after: 107.9 MB.

Unloading 6 unused Assets to reduce memory usage. Loaded Objects now: 2869.
Total: 4.509490 ms (FindLiveObjects: 0.409954 ms CreateObjectMapping: 0.222367 ms MarkObjects: 3.841248 ms  DeleteObjects: 0.032500 ms)

========================================================================
Received Prepare
Registering precompiled user dll's ...
Registered in 0.002731 seconds.
Begin MonoManager ReloadAssembly
Native extension for WindowsStandalone target not found
Refreshing native plugins compatible for Editor in 19.18 ms, found 0 plugins.
Preloading 0 native plugins for Editor in 0.00 ms.
Mono: successfully reloaded assembly
- Completed reload, in 30.720 seconds
Platform modules already initialized, skipping
Shader 'Universal Render Pipeline/Particles/Lit': fallback shader 'Universal Render Pipeline/Particles/SimpleLit' not found
Refreshing native plugins compatible for Editor in 0.92 ms, found 0 plugins.
Preloading 0 native plugins for Editor in 0.00 ms.
Unloading 2315 Unused Serialized files (Serialized files now loaded: 0)
System memory in use before: 107.8 MB.
System memory in use after: 108.0 MB.

Unloading 5 unused Assets to reduce memory usage. Loaded Objects now: 2872.
Total: 198.222546 ms (FindLiveObjects: 26.616765 ms CreateObjectMapping: 0.508023 ms MarkObjects: 170.944952 ms  DeleteObjects: 0.141973 ms)

========================================================================
Received Import Request.
  Time since last request: 4715.244770 seconds.
  path: Assets/Scripts/StartUI.cs
  artifactKey: Guid(5897de82b1240ff498651490c4dbd7ef) Importer(815301076,1909f56bfc062723c751e8b465ee728b)
Start importing Assets/Scripts/StartUI.cs using Guid(5897de82b1240ff498651490c4dbd7ef) Importer(815301076,1909f56bfc062723c751e8b465ee728b)  -> (artifact id: '6e8b2d4599e4bff68a441fcaebf916c2') in 0.393382 seconds
  Import took 0.542297 seconds .

========================================================================
Received Import Request.
  Time since last request: 0.000498 seconds.
  path: Assets/Scripts/MainManager.cs
  artifactKey: Guid(d110623a642692246a42fbc2d8d89884) Importer(815301076,1909f56bfc062723c751e8b465ee728b)
Start importing Assets/Scripts/MainManager.cs using Guid(d110623a642692246a42fbc2d8d89884) Importer(815301076,1909f56bfc062723c751e8b465ee728b)  -> (artifact id: '58752c16ca7a2949a9886b4b6c4b96e0') in 0.003410 seconds
  Import took 0.018134 seconds .

========================================================================
Received Import Request.
  Time since last request: 0.001967 seconds.
  path: Assets/Scripts/StartManager.cs
  artifactKey: Guid(853151ab5fc14e44d9e040f20ab68ae5) Importer(815301076,1909f56bfc062723c751e8b465ee728b)
Start importing Assets/Scripts/StartManager.cs using Guid(853151ab5fc14e44d9e040f20ab68ae5) Importer(815301076,1909f56bfc062723c751e8b465ee728b)  -> (artifact id: '11e091c708cc956a0333f68e7b36ccdd') in 0.004730 seconds
  Import took 0.016751 seconds .

